# QEMU configure log Sat Jun  3 03:36:56 EDT 2023
# Configured with: './configure' '--disable-kvm' '--target-list=i386-softmmu x86_64-softmmu' '--python=python2.7'
#
cc -D_GNU_SOURCE -D_FILE_OFFSET_BITS=64 -D_LARGEFILE_SOURCE -Wstrict-prototypes -Wredundant-decls -Wall -Wundef -Wwrite-strings -Wmissing-prototypes -fno-strict-aliasing -fno-common -c -o config-temp/qemu-conf.o config-temp/qemu-conf.c
cc -D_GNU_SOURCE -D_FILE_OFFSET_BITS=64 -D_LARGEFILE_SOURCE -Wstrict-prototypes -Wredundant-decls -Wall -Wundef -Wwrite-strings -Wmissing-prototypes -fno-strict-aliasing -fno-common -c -o config-temp/qemu-conf.o config-temp/qemu-conf.c
config-temp/qemu-conf.c:2:2: error: #error __i386__ not defined
 #error __i386__ not defined
  ^
cc -D_GNU_SOURCE -D_FILE_OFFSET_BITS=64 -D_LARGEFILE_SOURCE -Wstrict-prototypes -Wredundant-decls -Wall -Wundef -Wwrite-strings -Wmissing-prototypes -fno-strict-aliasing -fno-common -c -o config-temp/qemu-conf.o config-temp/qemu-conf.c
cc -D_GNU_SOURCE -D_FILE_OFFSET_BITS=64 -D_LARGEFILE_SOURCE -Wstrict-prototypes -Wredundant-decls -Wall -Wundef -Wwrite-strings -Wmissing-prototypes -fno-strict-aliasing -fno-common -c -o config-temp/qemu-conf.o config-temp/qemu-conf.c
config-temp/qemu-conf.c:2:2: error: #error __ILP32__ not defined
 #error __ILP32__ not defined
  ^
cc -m64 -D_GNU_SOURCE -D_FILE_OFFSET_BITS=64 -D_LARGEFILE_SOURCE -Wstrict-prototypes -Wredundant-decls -Wall -Wundef -Wwrite-strings -Wmissing-prototypes -fno-strict-aliasing -fno-common -c -o config-temp/qemu-conf.o config-temp/qemu-conf.c
cc -m64 -D_GNU_SOURCE -D_FILE_OFFSET_BITS=64 -D_LARGEFILE_SOURCE -Wstrict-prototypes -Wredundant-decls -Wall -Wundef -Wwrite-strings -Wmissing-prototypes -fno-strict-aliasing -fno-common -c -o config-temp/qemu-conf.o config-temp/qemu-conf.c
c++ -m64 -D_GNU_SOURCE -D_FILE_OFFSET_BITS=64 -D_LARGEFILE_SOURCE -Wall -Wundef -Wwrite-strings -fno-strict-aliasing -fno-common -o config-temp/qemu-conf.exe config-temp/qemu-conf.cxx config-temp/qemu-conf.o -m64 -g
cc -m64 -D_GNU_SOURCE -D_FILE_OFFSET_BITS=64 -D_LARGEFILE_SOURCE -Wstrict-prototypes -Wredundant-decls -Wall -Wundef -Wwrite-strings -Wmissing-prototypes -fno-strict-aliasing -fno-common -Werror -Wstring-plus-int -o config-temp/qemu-conf.exe config-temp/qemu-conf.c -m64 -g
cc: error: unrecognized command line option ‘-Wstring-plus-int’
cc -m64 -D_GNU_SOURCE -D_FILE_OFFSET_BITS=64 -D_LARGEFILE_SOURCE -Wstrict-prototypes -Wredundant-decls -Wall -Wundef -Wwrite-strings -Wmissing-prototypes -fno-strict-aliasing -fno-common -Werror -Winitializer-overrides -o config-temp/qemu-conf.exe config-temp/qemu-conf.c -m64 -g
cc: error: unrecognized command line option ‘-Winitializer-overrides’
cc -m64 -D_GNU_SOURCE -D_FILE_OFFSET_BITS=64 -D_LARGEFILE_SOURCE -Wstrict-prototypes -Wredundant-decls -Wall -Wundef -Wwrite-strings -Wmissing-prototypes -fno-strict-aliasing -fno-common -Werror -Wendif-labels -o config-temp/qemu-conf.exe config-temp/qemu-conf.c -m64 -g
cc -m64 -D_GNU_SOURCE -D_FILE_OFFSET_BITS=64 -D_LARGEFILE_SOURCE -Wstrict-prototypes -Wredundant-decls -Wall -Wundef -Wwrite-strings -Wmissing-prototypes -fno-strict-aliasing -fno-common -Wendif-labels -Werror -Wmissing-include-dirs -o config-temp/qemu-conf.exe config-temp/qemu-conf.c -m64 -g
cc -m64 -D_GNU_SOURCE -D_FILE_OFFSET_BITS=64 -D_LARGEFILE_SOURCE -Wstrict-prototypes -Wredundant-decls -Wall -Wundef -Wwrite-strings -Wmissing-prototypes -fno-strict-aliasing -fno-common -Wendif-labels -Wmissing-include-dirs -Werror -Wempty-body -o config-temp/qemu-conf.exe config-temp/qemu-conf.c -m64 -g
cc -m64 -D_GNU_SOURCE -D_FILE_OFFSET_BITS=64 -D_LARGEFILE_SOURCE -Wstrict-prototypes -Wredundant-decls -Wall -Wundef -Wwrite-strings -Wmissing-prototypes -fno-strict-aliasing -fno-common -Wendif-labels -Wmissing-include-dirs -Wempty-body -Werror -Wnested-externs -o config-temp/qemu-conf.exe config-temp/qemu-conf.c -m64 -g
cc -m64 -D_GNU_SOURCE -D_FILE_OFFSET_BITS=64 -D_LARGEFILE_SOURCE -Wstrict-prototypes -Wredundant-decls -Wall -Wundef -Wwrite-strings -Wmissing-prototypes -fno-strict-aliasing -fno-common -Wendif-labels -Wmissing-include-dirs -Wempty-body -Wnested-externs -Werror -Wformat-security -o config-temp/qemu-conf.exe config-temp/qemu-conf.c -m64 -g
cc -m64 -D_GNU_SOURCE -D_FILE_OFFSET_BITS=64 -D_LARGEFILE_SOURCE -Wstrict-prototypes -Wredundant-decls -Wall -Wundef -Wwrite-strings -Wmissing-prototypes -fno-strict-aliasing -fno-common -Wendif-labels -Wmissing-include-dirs -Wempty-body -Wnested-externs -Wformat-security -Werror -Wformat-y2k -o config-temp/qemu-conf.exe config-temp/qemu-conf.c -m64 -g
cc -m64 -D_GNU_SOURCE -D_FILE_OFFSET_BITS=64 -D_LARGEFILE_SOURCE -Wstrict-prototypes -Wredundant-decls -Wall -Wundef -Wwrite-strings -Wmissing-prototypes -fno-strict-aliasing -fno-common -Wendif-labels -Wmissing-include-dirs -Wempty-body -Wnested-externs -Wformat-security -Wformat-y2k -Werror -Winit-self -o config-temp/qemu-conf.exe config-temp/qemu-conf.c -m64 -g
cc -m64 -D_GNU_SOURCE -D_FILE_OFFSET_BITS=64 -D_LARGEFILE_SOURCE -Wstrict-prototypes -Wredundant-decls -Wall -Wundef -Wwrite-strings -Wmissing-prototypes -fno-strict-aliasing -fno-common -Wendif-labels -Wmissing-include-dirs -Wempty-body -Wnested-externs -Wformat-security -Wformat-y2k -Winit-self -Werror -Wignored-qualifiers -o config-temp/qemu-conf.exe config-temp/qemu-conf.c -m64 -g
cc -m64 -D_GNU_SOURCE -D_FILE_OFFSET_BITS=64 -D_LARGEFILE_SOURCE -Wstrict-prototypes -Wredundant-decls -Wall -Wundef -Wwrite-strings -Wmissing-prototypes -fno-strict-aliasing -fno-common -Wendif-labels -Wmissing-include-dirs -Wempty-body -Wnested-externs -Wformat-security -Wformat-y2k -Winit-self -Wignored-qualifiers -Werror -Wold-style-declaration -o config-temp/qemu-conf.exe config-temp/qemu-conf.c -m64 -g
cc -m64 -D_GNU_SOURCE -D_FILE_OFFSET_BITS=64 -D_LARGEFILE_SOURCE -Wstrict-prototypes -Wredundant-decls -Wall -Wundef -Wwrite-strings -Wmissing-prototypes -fno-strict-aliasing -fno-common -Wendif-labels -Wmissing-include-dirs -Wempty-body -Wnested-externs -Wformat-security -Wformat-y2k -Winit-self -Wignored-qualifiers -Wold-style-declaration -Werror -Wold-style-definition -o config-temp/qemu-conf.exe config-temp/qemu-conf.c -m64 -g
cc -m64 -D_GNU_SOURCE -D_FILE_OFFSET_BITS=64 -D_LARGEFILE_SOURCE -Wstrict-prototypes -Wredundant-decls -Wall -Wundef -Wwrite-strings -Wmissing-prototypes -fno-strict-aliasing -fno-common -Wendif-labels -Wmissing-include-dirs -Wempty-body -Wnested-externs -Wformat-security -Wformat-y2k -Winit-self -Wignored-qualifiers -Wold-style-declaration -Wold-style-definition -Werror -Wtype-limits -o config-temp/qemu-conf.exe config-temp/qemu-conf.c -m64 -g
cc -m64 -D_GNU_SOURCE -D_FILE_OFFSET_BITS=64 -D_LARGEFILE_SOURCE -Wstrict-prototypes -Wredundant-decls -Wall -Wundef -Wwrite-strings -Wmissing-prototypes -fno-strict-aliasing -fno-common -Wendif-labels -Wmissing-include-dirs -Wempty-body -Wnested-externs -Wformat-security -Wformat-y2k -Winit-self -Wignored-qualifiers -Wold-style-declaration -Wold-style-definition -Wtype-limits -Werror -fstack-protector-strong -c -o config-temp/qemu-conf.o config-temp/qemu-conf.c
cc -m64 -D_GNU_SOURCE -D_FILE_OFFSET_BITS=64 -D_LARGEFILE_SOURCE -Wstrict-prototypes -Wredundant-decls -Wall -Wundef -Wwrite-strings -Wmissing-prototypes -fno-strict-aliasing -fno-common -Wendif-labels -Wmissing-include-dirs -Wempty-body -Wnested-externs -Wformat-security -Wformat-y2k -Winit-self -Wignored-qualifiers -Wold-style-declaration -Wold-style-definition -Wtype-limits -Werror -fstack-protector-strong -o config-temp/qemu-conf.exe config-temp/qemu-conf.c -m64 -g
cc -m64 -D_GNU_SOURCE -D_FILE_OFFSET_BITS=64 -D_LARGEFILE_SOURCE -Wstrict-prototypes -Wredundant-decls -Wall -Wundef -Wwrite-strings -Wmissing-prototypes -fno-strict-aliasing -fno-common -Wendif-labels -Wmissing-include-dirs -Wempty-body -Wnested-externs -Wformat-security -Wformat-y2k -Winit-self -Wignored-qualifiers -Wold-style-declaration -Wold-style-definition -Wtype-limits -fstack-protector-strong -Werror -fno-gcse -o config-temp/qemu-conf.exe config-temp/qemu-conf.c -m64 -g
config-temp/qemu-conf.c:4:2: error: #error No bug in this compiler.
 #error No bug in this compiler.
  ^
cc -m64 -D_GNU_SOURCE -D_FILE_OFFSET_BITS=64 -D_LARGEFILE_SOURCE -Wstrict-prototypes -Wredundant-decls -Wall -Wundef -Wwrite-strings -Wmissing-prototypes -fno-strict-aliasing -fno-common -Wendif-labels -Wmissing-include-dirs -Wempty-body -Wnested-externs -Wformat-security -Wformat-y2k -Winit-self -Wignored-qualifiers -Wold-style-declaration -Wold-style-definition -Wtype-limits -fstack-protector-strong -fPIE -DPIE -o config-temp/qemu-conf.exe config-temp/qemu-conf.c -m64 -g -pie
cc -fPIE -DPIE -m64 -D_GNU_SOURCE -D_FILE_OFFSET_BITS=64 -D_LARGEFILE_SOURCE -Wstrict-prototypes -Wredundant-decls -Wall -Wundef -Wwrite-strings -Wmissing-prototypes -fno-strict-aliasing -fno-common -Wendif-labels -Wmissing-include-dirs -Wempty-body -Wnested-externs -Wformat-security -Wformat-y2k -Winit-self -Wignored-qualifiers -Wold-style-declaration -Wold-style-definition -Wtype-limits -fstack-protector-strong -o config-temp/qemu-conf.exe config-temp/qemu-conf.c -pie -m64 -g -Wl,-z,relro -Wl,-z,now
cc -fPIE -DPIE -m64 -D_GNU_SOURCE -D_FILE_OFFSET_BITS=64 -D_LARGEFILE_SOURCE -Wstrict-prototypes -Wredundant-decls -Wall -Wundef -Wwrite-strings -Wmissing-prototypes -fno-strict-aliasing -fno-common -Wendif-labels -Wmissing-include-dirs -Wempty-body -Wnested-externs -Wformat-security -Wformat-y2k -Winit-self -Wignored-qualifiers -Wold-style-declaration -Wold-style-definition -Wtype-limits -fstack-protector-strong -fno-pie -o config-temp/qemu-conf.exe config-temp/qemu-conf.c -Wl,-z,relro -Wl,-z,now -pie -m64 -g -nopie
cc: error: unrecognized command line option ‘-nopie’
libtool --mode=compile --tag=CC cc -fPIE -DPIE -m64 -D_GNU_SOURCE -D_FILE_OFFSET_BITS=64 -D_LARGEFILE_SOURCE -Wstrict-prototypes -Wredundant-decls -Wall -Wundef -Wwrite-strings -Wmissing-prototypes -fno-strict-aliasing -fno-common -Wendif-labels -Wmissing-include-dirs -Wempty-body -Wnested-externs -Wformat-security -Wformat-y2k -Winit-self -Wignored-qualifiers -Wold-style-declaration -Wold-style-definition -Wtype-limits -fstack-protector-strong -c -fPIE -DPIE -o config-temp/qemu-conf.o config-temp/qemu-conf.c
libtool: compile:  cc -DPIE -m64 -D_GNU_SOURCE -D_FILE_OFFSET_BITS=64 -D_LARGEFILE_SOURCE -Wstrict-prototypes -Wredundant-decls -Wall -Wundef -Wwrite-strings -Wmissing-prototypes -fno-strict-aliasing -fno-common -Wendif-labels -Wmissing-include-dirs -Wempty-body -Wnested-externs -Wformat-security -Wformat-y2k -Winit-self -Wignored-qualifiers -Wold-style-declaration -Wold-style-definition -Wtype-limits -fstack-protector-strong -c -DPIE config-temp/qemu-conf.c  -fPIC -DPIC -o config-temp/.libs/qemu-conf.o
libtool: compile:  cc -DPIE -m64 -D_GNU_SOURCE -D_FILE_OFFSET_BITS=64 -D_LARGEFILE_SOURCE -Wstrict-prototypes -Wredundant-decls -Wall -Wundef -Wwrite-strings -Wmissing-prototypes -fno-strict-aliasing -fno-common -Wendif-labels -Wmissing-include-dirs -Wempty-body -Wnested-externs -Wformat-security -Wformat-y2k -Winit-self -Wignored-qualifiers -Wold-style-declaration -Wold-style-definition -Wtype-limits -fstack-protector-strong -c -DPIE config-temp/qemu-conf.c -fPIE -fPIE -o config-temp/qemu-conf.o >/dev/null 2>&1
libtool --mode=link --tag=CC cc -Wl,-z,relro -Wl,-z,now -pie -m64 -g -o config-temp/libqemu-conf.la config-temp/qemu-conf.lo -rpath /usr/local/lib
libtool: link: /root/anaconda3/bin/x86_64-conda_cos6-linux-gnu-cc -shared  -fPIC -DPIC  config-temp/.libs/qemu-conf.o    -Wl,-z -Wl,relro -Wl,-z -Wl,now -m64 -g   -Wl,-soname -Wl,libqemu-conf.so.0 -o config-temp/.libs/libqemu-conf.so.0.0.0
/root/anaconda3/bin/libtool: line 10571: /root/anaconda3/bin/x86_64-conda_cos6-linux-gnu-cc: No such file or directory
cc -fPIE -DPIE -m64 -D_GNU_SOURCE -D_FILE_OFFSET_BITS=64 -D_LARGEFILE_SOURCE -Wstrict-prototypes -Wredundant-decls -Wall -Wundef -Wwrite-strings -Wmissing-prototypes -fno-strict-aliasing -fno-common -Wendif-labels -Wmissing-include-dirs -Wempty-body -Wnested-externs -Wformat-security -Wformat-y2k -Winit-self -Wignored-qualifiers -Wold-style-declaration -Wold-style-definition -Wtype-limits -fstack-protector-strong -c -o config-temp/qemu-conf.o config-temp/qemu-conf.c
cc -fPIE -DPIE -m64 -D_GNU_SOURCE -D_FILE_OFFSET_BITS=64 -D_LARGEFILE_SOURCE -Wstrict-prototypes -Wredundant-decls -Wall -Wundef -Wwrite-strings -Wmissing-prototypes -fno-strict-aliasing -fno-common -Wendif-labels -Wmissing-include-dirs -Wempty-body -Wnested-externs -Wformat-security -Wformat-y2k -Winit-self -Wignored-qualifiers -Wold-style-declaration -Wold-style-definition -Wtype-limits -fstack-protector-strong -o config-temp/qemu-conf.exe config-temp/qemu-conf.c -Wl,-z,relro -Wl,-z,now -pie -m64 -g
cc -fPIE -DPIE -m64 -D_GNU_SOURCE -D_FILE_OFFSET_BITS=64 -D_LARGEFILE_SOURCE -Wstrict-prototypes -Wredundant-decls -Wall -Wundef -Wwrite-strings -Wmissing-prototypes -fno-strict-aliasing -fno-common -Wendif-labels -Wmissing-include-dirs -Wempty-body -Wnested-externs -Wformat-security -Wformat-y2k -Winit-self -Wignored-qualifiers -Wold-style-declaration -Wold-style-definition -Wtype-limits -fstack-protector-strong -c -o config-temp/qemu-conf.o config-temp/qemu-conf.c
cc -fPIE -DPIE -m64 -D_GNU_SOURCE -D_FILE_OFFSET_BITS=64 -D_LARGEFILE_SOURCE -Wstrict-prototypes -Wredundant-decls -Wall -Wundef -Wwrite-strings -Wmissing-prototypes -fno-strict-aliasing -fno-common -Wendif-labels -Wmissing-include-dirs -Wempty-body -Wnested-externs -Wformat-security -Wformat-y2k -Winit-self -Wignored-qualifiers -Wold-style-declaration -Wold-style-definition -Wtype-limits -fstack-protector-strong -o config-temp/qemu-conf.exe config-temp/qemu-conf.c -Wl,-z,relro -Wl,-z,now -pie -m64 -g -lz
cc -fPIE -DPIE -m64 -D_GNU_SOURCE -D_FILE_OFFSET_BITS=64 -D_LARGEFILE_SOURCE -Wstrict-prototypes -Wredundant-decls -Wall -Wundef -Wwrite-strings -Wmissing-prototypes -fno-strict-aliasing -fno-common -Wendif-labels -Wmissing-include-dirs -Wempty-body -Wnested-externs -Wformat-security -Wformat-y2k -Winit-self -Wignored-qualifiers -Wold-style-declaration -Wold-style-definition -Wtype-limits -fstack-protector-strong -o config-temp/qemu-conf.exe config-temp/qemu-conf.c -Wl,-z,relro -Wl,-z,now -pie -m64 -g -llzo2
config-temp/qemu-conf.c:1:23: fatal error: lzo/lzo1x.h: No such file or directory
 #include <lzo/lzo1x.h>
                       ^
compilation terminated.
cc -fPIE -DPIE -m64 -D_GNU_SOURCE -D_FILE_OFFSET_BITS=64 -D_LARGEFILE_SOURCE -Wstrict-prototypes -Wredundant-decls -Wall -Wundef -Wwrite-strings -Wmissing-prototypes -fno-strict-aliasing -fno-common -Wendif-labels -Wmissing-include-dirs -Wempty-body -Wnested-externs -Wformat-security -Wformat-y2k -Winit-self -Wignored-qualifiers -Wold-style-declaration -Wold-style-definition -Wtype-limits -fstack-protector-strong -o config-temp/qemu-conf.exe config-temp/qemu-conf.c -Wl,-z,relro -Wl,-z,now -pie -m64 -g -lsnappy
config-temp/qemu-conf.c:1:22: fatal error: snappy-c.h: No such file or directory
 #include <snappy-c.h>
                      ^
compilation terminated.
cc -fPIE -DPIE -m64 -D_GNU_SOURCE -D_FILE_OFFSET_BITS=64 -D_LARGEFILE_SOURCE -Wstrict-prototypes -Wredundant-decls -Wall -Wundef -Wwrite-strings -Wmissing-prototypes -fno-strict-aliasing -fno-common -Wendif-labels -Wmissing-include-dirs -Wempty-body -Wnested-externs -Wformat-security -Wformat-y2k -Winit-self -Wignored-qualifiers -Wold-style-declaration -Wold-style-definition -Wtype-limits -fstack-protector-strong -o config-temp/qemu-conf.exe config-temp/qemu-conf.c -Wl,-z,relro -Wl,-z,now -pie -m64 -g -lbz2
config-temp/qemu-conf.c:1:19: fatal error: bzlib.h: No such file or directory
 #include <bzlib.h>
                   ^
compilation terminated.
cc -fPIE -DPIE -m64 -D_GNU_SOURCE -D_FILE_OFFSET_BITS=64 -D_LARGEFILE_SOURCE -Wstrict-prototypes -Wredundant-decls -Wall -Wundef -Wwrite-strings -Wmissing-prototypes -fno-strict-aliasing -fno-common -Wendif-labels -Wmissing-include-dirs -Wempty-body -Wnested-externs -Wformat-security -Wformat-y2k -Winit-self -Wignored-qualifiers -Wold-style-declaration -Wold-style-definition -Wtype-limits -fstack-protector-strong -o config-temp/qemu-conf.exe config-temp/qemu-conf.c -Wl,-z,relro -Wl,-z,now -pie -m64 -g -lxenstore -lxenctrl -lxenguest
config-temp/qemu-conf.c:1:21: fatal error: xenctrl.h: No such file or directory
 #include <xenctrl.h>
                     ^
compilation terminated.
cc -fPIE -DPIE -m64 -D_GNU_SOURCE -D_FILE_OFFSET_BITS=64 -D_LARGEFILE_SOURCE -Wstrict-prototypes -Wredundant-decls -Wall -Wundef -Wwrite-strings -Wmissing-prototypes -fno-strict-aliasing -fno-common -Wendif-labels -Wmissing-include-dirs -Wempty-body -Wnested-externs -Wformat-security -Wformat-y2k -Winit-self -Wignored-qualifiers -Wold-style-declaration -Wold-style-definition -Wtype-limits -fstack-protector-strong -o config-temp/qemu-conf.exe config-temp/qemu-conf.c -Wl,-z,relro -Wl,-z,now -pie -m64 -g -lrdmacm -libverbs
config-temp/qemu-conf.c:1:27: fatal error: rdma/rdma_cma.h: No such file or directory
 #include <rdma/rdma_cma.h>
                           ^
compilation terminated.
cc -fPIE -DPIE -m64 -D_GNU_SOURCE -D_FILE_OFFSET_BITS=64 -D_LARGEFILE_SOURCE -Wstrict-prototypes -Wredundant-decls -Wall -Wundef -Wwrite-strings -Wmissing-prototypes -fno-strict-aliasing -fno-common -Wendif-labels -Wmissing-include-dirs -Wempty-body -Wnested-externs -Wformat-security -Wformat-y2k -Winit-self -Wignored-qualifiers -Wold-style-declaration -Wold-style-definition -Wtype-limits -fstack-protector-strong -o config-temp/qemu-conf.exe config-temp/qemu-conf.c -Wl,-z,relro -Wl,-z,now -pie -m64 -g
config-temp/qemu-conf.c:1:27: fatal error: gnutls/gnutls.h: No such file or directory
 #include <gnutls/gnutls.h>
                           ^
compilation terminated.
cc -fPIE -DPIE -m64 -D_GNU_SOURCE -D_FILE_OFFSET_BITS=64 -D_LARGEFILE_SOURCE -Wstrict-prototypes -Wredundant-decls -Wall -Wundef -Wwrite-strings -Wmissing-prototypes -fno-strict-aliasing -fno-common -Wendif-labels -Wmissing-include-dirs -Wempty-body -Wnested-externs -Wformat-security -Wformat-y2k -Winit-self -Wignored-qualifiers -Wold-style-declaration -Wold-style-definition -Wtype-limits -fstack-protector-strong -o config-temp/qemu-conf.exe config-temp/qemu-conf.c -Wl,-z,relro -Wl,-z,now -pie -m64 -g
config-temp/qemu-conf.c:1:27: fatal error: gnutls/gnutls.h: No such file or directory
 #include <gnutls/gnutls.h>
                           ^
compilation terminated.
cc -fPIE -DPIE -m64 -D_GNU_SOURCE -D_FILE_OFFSET_BITS=64 -D_LARGEFILE_SOURCE -Wstrict-prototypes -Wredundant-decls -Wall -Wundef -Wwrite-strings -Wmissing-prototypes -fno-strict-aliasing -fno-common -Wendif-labels -Wmissing-include-dirs -Wempty-body -Wnested-externs -Wformat-security -Wformat-y2k -Winit-self -Wignored-qualifiers -Wold-style-declaration -Wold-style-definition -Wtype-limits -fstack-protector-strong -o config-temp/qemu-conf.exe config-temp/qemu-conf.c -Wl,-z,relro -Wl,-z,now -pie -m64 -g -lsasl2
config-temp/qemu-conf.c:1:23: fatal error: sasl/sasl.h: No such file or directory
 #include <sasl/sasl.h>
                       ^
compilation terminated.
cc -fPIE -DPIE -m64 -D_GNU_SOURCE -D_FILE_OFFSET_BITS=64 -D_LARGEFILE_SOURCE -Wstrict-prototypes -Wredundant-decls -Wall -Wundef -Wwrite-strings -Wmissing-prototypes -fno-strict-aliasing -fno-common -Wendif-labels -Wmissing-include-dirs -Wempty-body -Wnested-externs -Wformat-security -Wformat-y2k -Winit-self -Wignored-qualifiers -Wold-style-declaration -Wold-style-definition -Wtype-limits -fstack-protector-strong -o config-temp/qemu-conf.exe config-temp/qemu-conf.c -Wl,-z,relro -Wl,-z,now -pie -m64 -g -ljpeg
config-temp/qemu-conf.c:2:21: fatal error: jpeglib.h: No such file or directory
 #include <jpeglib.h>
                     ^
compilation terminated.
cc -fPIE -DPIE -m64 -D_GNU_SOURCE -D_FILE_OFFSET_BITS=64 -D_LARGEFILE_SOURCE -Wstrict-prototypes -Wredundant-decls -Wall -Wundef -Wwrite-strings -Wmissing-prototypes -fno-strict-aliasing -fno-common -Wendif-labels -Wmissing-include-dirs -Wempty-body -Wnested-externs -Wformat-security -Wformat-y2k -Winit-self -Wignored-qualifiers -Wold-style-declaration -Wold-style-definition -Wtype-limits -fstack-protector-strong -o config-temp/qemu-conf.exe config-temp/qemu-conf.c -Wl,-z,relro -Wl,-z,now -pie -m64 -g -lpng
config-temp/qemu-conf.c:2:17: fatal error: png.h: No such file or directory
 #include <png.h>
                 ^
compilation terminated.
cc -fPIE -DPIE -m64 -D_GNU_SOURCE -D_FILE_OFFSET_BITS=64 -D_LARGEFILE_SOURCE -Wstrict-prototypes -Wredundant-decls -Wall -Wundef -Wwrite-strings -Wmissing-prototypes -fno-strict-aliasing -fno-common -Wendif-labels -Wmissing-include-dirs -Wempty-body -Wnested-externs -Wformat-security -Wformat-y2k -Winit-self -Wignored-qualifiers -Wold-style-declaration -Wold-style-definition -Wtype-limits -fstack-protector-strong -o config-temp/qemu-conf.exe config-temp/qemu-conf.c -Wl,-z,relro -Wl,-z,now -pie -m64 -g
cc -fPIE -DPIE -m64 -D_GNU_SOURCE -D_FILE_OFFSET_BITS=64 -D_LARGEFILE_SOURCE -Wstrict-prototypes -Wredundant-decls -Wall -Wundef -Wwrite-strings -Wmissing-prototypes -fno-strict-aliasing -fno-common -Wendif-labels -Wmissing-include-dirs -Wempty-body -Wnested-externs -Wformat-security -Wformat-y2k -Winit-self -Wignored-qualifiers -Wold-style-declaration -Wold-style-definition -Wtype-limits -fstack-protector-strong -o config-temp/qemu-conf.exe config-temp/qemu-conf.c -Wl,-z,relro -Wl,-z,now -pie -m64 -g
config-temp/qemu-conf.c:1:23: fatal error: uuid/uuid.h: No such file or directory
 #include <uuid/uuid.h>
                       ^
compilation terminated.
cc -fPIE -DPIE -m64 -D_GNU_SOURCE -D_FILE_OFFSET_BITS=64 -D_LARGEFILE_SOURCE -Wstrict-prototypes -Wredundant-decls -Wall -Wundef -Wwrite-strings -Wmissing-prototypes -fno-strict-aliasing -fno-common -Wendif-labels -Wmissing-include-dirs -Wempty-body -Wnested-externs -Wformat-security -Wformat-y2k -Winit-self -Wignored-qualifiers -Wold-style-declaration -Wold-style-definition -Wtype-limits -fstack-protector-strong -o config-temp/qemu-conf.exe config-temp/qemu-conf.c -Wl,-z,relro -Wl,-z,now -pie -m64 -g -luuid
config-temp/qemu-conf.c:1:23: fatal error: uuid/uuid.h: No such file or directory
 #include <uuid/uuid.h>
                       ^
compilation terminated.
cc -fPIE -DPIE -m64 -D_GNU_SOURCE -D_FILE_OFFSET_BITS=64 -D_LARGEFILE_SOURCE -Wstrict-prototypes -Wredundant-decls -Wall -Wundef -Wwrite-strings -Wmissing-prototypes -fno-strict-aliasing -fno-common -Wendif-labels -Wmissing-include-dirs -Wempty-body -Wnested-externs -Wformat-security -Wformat-y2k -Winit-self -Wignored-qualifiers -Wold-style-declaration -Wold-style-definition -Wtype-limits -fstack-protector-strong -o config-temp/qemu-conf.exe config-temp/qemu-conf.c -Wl,-z,relro -Wl,-z,now -pie -m64 -g
config-temp/qemu-conf.c:2:21: fatal error: xfs/xfs.h: No such file or directory
 #include <xfs/xfs.h>
                     ^
compilation terminated.
cc -fPIE -DPIE -m64 -D_GNU_SOURCE -D_FILE_OFFSET_BITS=64 -D_LARGEFILE_SOURCE -Wstrict-prototypes -Wredundant-decls -Wall -Wundef -Wwrite-strings -Wmissing-prototypes -fno-strict-aliasing -fno-common -Wendif-labels -Wmissing-include-dirs -Wempty-body -Wnested-externs -Wformat-security -Wformat-y2k -Winit-self -Wignored-qualifiers -Wold-style-declaration -Wold-style-definition -Wtype-limits -fstack-protector-strong -o config-temp/qemu-conf.exe config-temp/qemu-conf.c -Wl,-z,relro -Wl,-z,now -pie -m64 -g -lvdeplug
config-temp/qemu-conf.c:1:24: fatal error: libvdeplug.h: No such file or directory
 #include <libvdeplug.h>
                        ^
compilation terminated.
cc -fPIE -DPIE -m64 -D_GNU_SOURCE -D_FILE_OFFSET_BITS=64 -D_LARGEFILE_SOURCE -Wstrict-prototypes -Wredundant-decls -Wall -Wundef -Wwrite-strings -Wmissing-prototypes -fno-strict-aliasing -fno-common -Wendif-labels -Wmissing-include-dirs -Wempty-body -Wnested-externs -Wformat-security -Wformat-y2k -Winit-self -Wignored-qualifiers -Wold-style-declaration -Wold-style-definition -Wtype-limits -fstack-protector-strong -o config-temp/qemu-conf.exe config-temp/qemu-conf.c -Wl,-z,relro -Wl,-z,now -pie -m64 -g -lcap-ng
config-temp/qemu-conf.c:1:20: fatal error: cap-ng.h: No such file or directory
 #include <cap-ng.h>
                    ^
compilation terminated.
cc -fPIE -DPIE -m64 -D_GNU_SOURCE -D_FILE_OFFSET_BITS=64 -D_LARGEFILE_SOURCE -Wstrict-prototypes -Wredundant-decls -Wall -Wundef -Wwrite-strings -Wmissing-prototypes -fno-strict-aliasing -fno-common -Wendif-labels -Wmissing-include-dirs -Wempty-body -Wnested-externs -Wformat-security -Wformat-y2k -Winit-self -Wignored-qualifiers -Wold-style-declaration -Wold-style-definition -Wtype-limits -fstack-protector-strong -o config-temp/qemu-conf.exe config-temp/qemu-conf.c -Wl,-z,relro -Wl,-z,now -pie -m64 -g -lbrlapi
config-temp/qemu-conf.c:1:20: fatal error: brlapi.h: No such file or directory
 #include <brlapi.h>
                    ^
compilation terminated.
cc -fPIE -DPIE -m64 -D_GNU_SOURCE -D_FILE_OFFSET_BITS=64 -D_LARGEFILE_SOURCE -Wstrict-prototypes -Wredundant-decls -Wall -Wundef -Wwrite-strings -Wmissing-prototypes -fno-strict-aliasing -fno-common -Wendif-labels -Wmissing-include-dirs -Wempty-body -Wnested-externs -Wformat-security -Wformat-y2k -Winit-self -Wignored-qualifiers -Wold-style-declaration -Wold-style-definition -Wtype-limits -fstack-protector-strong -o config-temp/qemu-conf.exe config-temp/qemu-conf.c -Wl,-z,relro -Wl,-z,now -pie -m64 -g
config-temp/qemu-conf.c:1:20: fatal error: curses.h: No such file or directory
 #include <curses.h>
                    ^
compilation terminated.
cc -fPIE -DPIE -m64 -D_GNU_SOURCE -D_FILE_OFFSET_BITS=64 -D_LARGEFILE_SOURCE -Wstrict-prototypes -Wredundant-decls -Wall -Wundef -Wwrite-strings -Wmissing-prototypes -fno-strict-aliasing -fno-common -Wendif-labels -Wmissing-include-dirs -Wempty-body -Wnested-externs -Wformat-security -Wformat-y2k -Winit-self -Wignored-qualifiers -Wold-style-declaration -Wold-style-definition -Wtype-limits -fstack-protector-strong -o config-temp/qemu-conf.exe config-temp/qemu-conf.c -Wl,-z,relro -Wl,-z,now -pie -m64 -g -lncurses
config-temp/qemu-conf.c:1:20: fatal error: curses.h: No such file or directory
 #include <curses.h>
                    ^
compilation terminated.
cc -fPIE -DPIE -m64 -D_GNU_SOURCE -D_FILE_OFFSET_BITS=64 -D_LARGEFILE_SOURCE -Wstrict-prototypes -Wredundant-decls -Wall -Wundef -Wwrite-strings -Wmissing-prototypes -fno-strict-aliasing -fno-common -Wendif-labels -Wmissing-include-dirs -Wempty-body -Wnested-externs -Wformat-security -Wformat-y2k -Winit-self -Wignored-qualifiers -Wold-style-declaration -Wold-style-definition -Wtype-limits -fstack-protector-strong -o config-temp/qemu-conf.exe config-temp/qemu-conf.c -Wl,-z,relro -Wl,-z,now -pie -m64 -g -lcurses
config-temp/qemu-conf.c:1:20: fatal error: curses.h: No such file or directory
 #include <curses.h>
                    ^
compilation terminated.
cc -fPIE -DPIE -m64 -D_GNU_SOURCE -D_FILE_OFFSET_BITS=64 -D_LARGEFILE_SOURCE -Wstrict-prototypes -Wredundant-decls -Wall -Wundef -Wwrite-strings -Wmissing-prototypes -fno-strict-aliasing -fno-common -Wendif-labels -Wmissing-include-dirs -Wempty-body -Wnested-externs -Wformat-security -Wformat-y2k -Winit-self -Wignored-qualifiers -Wold-style-declaration -Wold-style-definition -Wtype-limits -fstack-protector-strong -I/root/anaconda3/include -o config-temp/qemu-conf.exe config-temp/qemu-conf.c -Wl,-z,relro -Wl,-z,now -pie -m64 -g -L/root/anaconda3/lib -lcurl
/usr/bin/ld: warning: libssl.so.1.0.0, needed by /root/anaconda3/lib/libcurl.so, not found (try using -rpath or -rpath-link)
/usr/bin/ld: warning: libcrypto.so.1.0.0, needed by /root/anaconda3/lib/libcurl.so, not found (try using -rpath or -rpath-link)
/root/anaconda3/lib/libcurl.so: undefined reference to `EVP_PKEY_copy_parameters'
/root/anaconda3/lib/libcurl.so: undefined reference to `X509_LOOKUP_file'
/root/anaconda3/lib/libcurl.so: undefined reference to `ASN1_TIME_print'
/root/anaconda3/lib/libcurl.so: undefined reference to `ASN1_STRING_length'
/root/anaconda3/lib/libcurl.so: undefined reference to `SSL_get_error'
/root/anaconda3/lib/libcurl.so: undefined reference to `RAND_status'
/root/anaconda3/lib/libcurl.so: undefined reference to `PKCS12_free'
/root/anaconda3/lib/libcurl.so: undefined reference to `i2a_ASN1_OBJECT'
/root/anaconda3/lib/libcurl.so: undefined reference to `CONF_modules_load_file'
/root/anaconda3/lib/libcurl.so: undefined reference to `ENGINE_free'
/root/anaconda3/lib/libcurl.so: undefined reference to `CRYPTO_free'
/root/anaconda3/lib/libcurl.so: undefined reference to `sk_pop_free'
/root/anaconda3/lib/libcurl.so: undefined reference to `sk_pop'
/root/anaconda3/lib/libcurl.so: undefined reference to `RAND_load_file'
/root/anaconda3/lib/libcurl.so: undefined reference to `SSL_write'
/root/anaconda3/lib/libcurl.so: undefined reference to `ENGINE_set_default'
/root/anaconda3/lib/libcurl.so: undefined reference to `SSLv23_client_method'
/root/anaconda3/lib/libcurl.so: undefined reference to `ERR_peek_error'
/root/anaconda3/lib/libcurl.so: undefined reference to `ERR_remove_thread_state'
/root/anaconda3/lib/libcurl.so: undefined reference to `sk_value'
/root/anaconda3/lib/libcurl.so: undefined reference to `MD5_Final'
/root/anaconda3/lib/libcurl.so: undefined reference to `SSL_get_shutdown'
/root/anaconda3/lib/libcurl.so: undefined reference to `ASN1_STRING_type'
/root/anaconda3/lib/libcurl.so: undefined reference to `CRYPTO_malloc'
/root/anaconda3/lib/libcurl.so: undefined reference to `SSL_free'
/root/anaconda3/lib/libcurl.so: undefined reference to `OCSP_BASICRESP_free'
/root/anaconda3/lib/libcurl.so: undefined reference to `EVP_md5'
/root/anaconda3/lib/libcurl.so: undefined reference to `EVP_DigestFinal_ex'
/root/anaconda3/lib/libcurl.so: undefined reference to `X509_STORE_add_lookup'
/root/anaconda3/lib/libcurl.so: undefined reference to `ENGINE_init'
/root/anaconda3/lib/libcurl.so: undefined reference to `UI_method_set_reader'
/root/anaconda3/lib/libcurl.so: undefined reference to `RAND_egd'
/root/anaconda3/lib/libcurl.so: undefined reference to `OCSP_response_status'
/root/anaconda3/lib/libcurl.so: undefined reference to `SSL_CTX_use_certificate_chain_file'
/root/anaconda3/lib/libcurl.so: undefined reference to `ENGINE_cleanup'
/root/anaconda3/lib/libcurl.so: undefined reference to `SSL_set_fd'
/root/anaconda3/lib/libcurl.so: undefined reference to `X509_NAME_ENTRY_get_data'
/root/anaconda3/lib/libcurl.so: undefined reference to `SSL_CTX_set_verify'
/root/anaconda3/lib/libcurl.so: undefined reference to `BN_num_bits'
/root/anaconda3/lib/libcurl.so: undefined reference to `UI_create_method'
/root/anaconda3/lib/libcurl.so: undefined reference to `ENGINE_ctrl_cmd'
/root/anaconda3/lib/libcurl.so: undefined reference to `SSL_CTX_set_default_passwd_cb'
/root/anaconda3/lib/libcurl.so: undefined reference to `OPENSSL_load_builtin_modules'
/root/anaconda3/lib/libcurl.so: undefined reference to `SSL_CTX_set_default_passwd_cb_userdata'
/root/anaconda3/lib/libcurl.so: undefined reference to `SSL_CTX_set_next_proto_select_cb'
/root/anaconda3/lib/libcurl.so: undefined reference to `OCSP_resp_get0'
/root/anaconda3/lib/libcurl.so: undefined reference to `RAND_bytes'
/root/anaconda3/lib/libcurl.so: undefined reference to `RSA_free'
/root/anaconda3/lib/libcurl.so: undefined reference to `UI_method_get_reader'
/root/anaconda3/lib/libcurl.so: undefined reference to `ASN1_STRING_data'
/root/anaconda3/lib/libcurl.so: undefined reference to `X509_get_subject_name'
/root/anaconda3/lib/libcurl.so: undefined reference to `BIO_printf'
/root/anaconda3/lib/libcurl.so: undefined reference to `EVP_PKEY_free'
/root/anaconda3/lib/libcurl.so: undefined reference to `SSL_get_peer_cert_chain'
/root/anaconda3/lib/libcurl.so: undefined reference to `X509_get_issuer_name'
/root/anaconda3/lib/libcurl.so: undefined reference to `SSLv2_client_method'
/root/anaconda3/lib/libcurl.so: undefined reference to `MD4_Update'
/root/anaconda3/lib/libcurl.so: undefined reference to `SHA256_Init'
/root/anaconda3/lib/libcurl.so: undefined reference to `PKCS12_parse'
/root/anaconda3/lib/libcurl.so: undefined reference to `UI_destroy_method'
/root/anaconda3/lib/libcurl.so: undefined reference to `d2i_PKCS12_bio'
/root/anaconda3/lib/libcurl.so: undefined reference to `MD4_Init'
/root/anaconda3/lib/libcurl.so: undefined reference to `SSL_library_init'
/root/anaconda3/lib/libcurl.so: undefined reference to `d2i_OCSP_RESPONSE'
/root/anaconda3/lib/libcurl.so: undefined reference to `OCSP_single_get0_status'
/root/anaconda3/lib/libcurl.so: undefined reference to `SSL_get1_session'
/root/anaconda3/lib/libcurl.so: undefined reference to `DES_ecb_encrypt'
/root/anaconda3/lib/libcurl.so: undefined reference to `SSL_CTX_set_srp_username'
/root/anaconda3/lib/libcurl.so: undefined reference to `BIO_f_ssl'
/root/anaconda3/lib/libcurl.so: undefined reference to `PKCS12_PBE_add'
/root/anaconda3/lib/libcurl.so: undefined reference to `UI_method_set_closer'
/root/anaconda3/lib/libcurl.so: undefined reference to `SSL_read'
/root/anaconda3/lib/libcurl.so: undefined reference to `X509_verify_cert_error_string'
/root/anaconda3/lib/libcurl.so: undefined reference to `SSL_SESSION_free'
/root/anaconda3/lib/libcurl.so: undefined reference to `EVP_DigestInit_ex'
/root/anaconda3/lib/libcurl.so: undefined reference to `ERR_error_string_n'
/root/anaconda3/lib/libcurl.so: undefined reference to `SSL_get_current_cipher'
/root/anaconda3/lib/libcurl.so: undefined reference to `X509_get_serialNumber'
/root/anaconda3/lib/libcurl.so: undefined reference to `SSL_CTX_ctrl'
/root/anaconda3/lib/libcurl.so: undefined reference to `SSL_new'
/root/anaconda3/lib/libcurl.so: undefined reference to `X509V3_EXT_print'
/root/anaconda3/lib/libcurl.so: undefined reference to `SSL_version'
/root/anaconda3/lib/libcurl.so: undefined reference to `RAND_add'
/root/anaconda3/lib/libcurl.so: undefined reference to `OPENSSL_add_all_algorithms_noconf'
/root/anaconda3/lib/libcurl.so: undefined reference to `SSL_set_connect_state'
/root/anaconda3/lib/libcurl.so: undefined reference to `SSL_CTX_use_certificate_file'
/root/anaconda3/lib/libcurl.so: undefined reference to `SSL_shutdown'
/root/anaconda3/lib/libcurl.so: undefined reference to `MD4_Final'
/root/anaconda3/lib/libcurl.so: undefined reference to `SSL_CTX_set_srp_password'
/root/anaconda3/lib/libcurl.so: undefined reference to `SSL_COMP_free_compression_methods'
/root/anaconda3/lib/libcurl.so: undefined reference to `OCSP_crl_reason_str'
/root/anaconda3/lib/libcurl.so: undefined reference to `X509_EXTENSION_get_object'
/root/anaconda3/lib/libcurl.so: undefined reference to `OCSP_basic_verify'
/root/anaconda3/lib/libcurl.so: undefined reference to `EVP_cleanup'
/root/anaconda3/lib/libcurl.so: undefined reference to `RSA_flags'
/root/anaconda3/lib/libcurl.so: undefined reference to `ERR_clear_error'
/root/anaconda3/lib/libcurl.so: undefined reference to `GENERAL_NAMES_free'
/root/anaconda3/lib/libcurl.so: undefined reference to `X509_EXTENSION_get_data'
/root/anaconda3/lib/libcurl.so: undefined reference to `X509_get_pubkey'
/root/anaconda3/lib/libcurl.so: undefined reference to `SSLeay'
/root/anaconda3/lib/libcurl.so: undefined reference to `PEM_write_bio_X509'
/root/anaconda3/lib/libcurl.so: undefined reference to `ERR_free_strings'
/root/anaconda3/lib/libcurl.so: undefined reference to `ENGINE_ctrl'
/root/anaconda3/lib/libcurl.so: undefined reference to `SSLv3_client_method'
/root/anaconda3/lib/libcurl.so: undefined reference to `UI_method_get_closer'
/root/anaconda3/lib/libcurl.so: undefined reference to `EVP_DigestUpdate'
/root/anaconda3/lib/libcurl.so: undefined reference to `OCSP_response_status_str'
/root/anaconda3/lib/libcurl.so: undefined reference to `OCSP_RESPONSE_free'
/root/anaconda3/lib/libcurl.so: undefined reference to `SSL_get0_alpn_selected'
/root/anaconda3/lib/libcurl.so: undefined reference to `SSL_CTX_add_client_CA'
/root/anaconda3/lib/libcurl.so: undefined reference to `ASN1_STRING_print'
/root/anaconda3/lib/libcurl.so: undefined reference to `SSL_CTX_new'
/root/anaconda3/lib/libcurl.so: undefined reference to `ASN1_INTEGER_get'
/root/anaconda3/lib/libcurl.so: undefined reference to `BN_print'
/root/anaconda3/lib/libcurl.so: undefined reference to `EVP_PKEY_get1_RSA'
/root/anaconda3/lib/libcurl.so: undefined reference to `EVP_MD_CTX_destroy'
/root/anaconda3/lib/libcurl.so: undefined reference to `CONF_modules_free'
/root/anaconda3/lib/libcurl.so: undefined reference to `i2t_ASN1_OBJECT'
/root/anaconda3/lib/libcurl.so: undefined reference to `UI_OpenSSL'
/root/anaconda3/lib/libcurl.so: undefined reference to `ENGINE_get_next'
/root/anaconda3/lib/libcurl.so: undefined reference to `SSL_get_peer_certificate'
/root/anaconda3/lib/libcurl.so: undefined reference to `X509_NAME_get_entry'
/root/anaconda3/lib/libcurl.so: undefined reference to `SSL_get_certificate'
/root/anaconda3/lib/libcurl.so: undefined reference to `DES_set_key'
/root/anaconda3/lib/libcurl.so: undefined reference to `BIO_new'
/root/anaconda3/lib/libcurl.so: undefined reference to `BIO_ctrl'
/root/anaconda3/lib/libcurl.so: undefined reference to `BIO_free'
/root/anaconda3/lib/libcurl.so: undefined reference to `SSL_CTX_load_verify_locations'
/root/anaconda3/lib/libcurl.so: undefined reference to `OCSP_cert_status_str'
/root/anaconda3/lib/libcurl.so: undefined reference to `X509_get_ext_d2i'
/root/anaconda3/lib/libcurl.so: undefined reference to `X509_load_crl_file'
/root/anaconda3/lib/libcurl.so: undefined reference to `UI_method_set_writer'
/root/anaconda3/lib/libcurl.so: undefined reference to `UI_get0_user_data'
/root/anaconda3/lib/libcurl.so: undefined reference to `SSL_ctrl'
/root/anaconda3/lib/libcurl.so: undefined reference to `X509_STORE_set_flags'
/root/anaconda3/lib/libcurl.so: undefined reference to `SSL_pending'
/root/anaconda3/lib/libcurl.so: undefined reference to `SSL_CTX_use_PrivateKey_file'
/root/anaconda3/lib/libcurl.so: undefined reference to `SSL_CTX_set_cipher_list'
/root/anaconda3/lib/libcurl.so: undefined reference to `DES_set_odd_parity'
/root/anaconda3/lib/libcurl.so: undefined reference to `i2d_X509_PUBKEY'
/root/anaconda3/lib/libcurl.so: undefined reference to `OCSP_resp_count'
/root/anaconda3/lib/libcurl.so: undefined reference to `SHA256_Final'
/root/anaconda3/lib/libcurl.so: undefined reference to `ENGINE_get_first'
/root/anaconda3/lib/libcurl.so: undefined reference to `X509_free'
/root/anaconda3/lib/libcurl.so: undefined reference to `ENGINE_finish'
/root/anaconda3/lib/libcurl.so: undefined reference to `OCSP_check_validity'
/root/anaconda3/lib/libcurl.so: undefined reference to `X509_NAME_get_index_by_NID'
/root/anaconda3/lib/libcurl.so: undefined reference to `X509_NAME_print_ex'
/root/anaconda3/lib/libcurl.so: undefined reference to `sk_num'
/root/anaconda3/lib/libcurl.so: undefined reference to `SSL_get_session'
/root/anaconda3/lib/libcurl.so: undefined reference to `UI_method_set_opener'
/root/anaconda3/lib/libcurl.so: undefined reference to `SSL_connect'
/root/anaconda3/lib/libcurl.so: undefined reference to `SSL_CTX_free'
/root/anaconda3/lib/libcurl.so: undefined reference to `SSL_load_error_strings'
/root/anaconda3/lib/libcurl.so: undefined reference to `SSL_set_session'
/root/anaconda3/lib/libcurl.so: undefined reference to `SHA256_Update'
/root/anaconda3/lib/libcurl.so: undefined reference to `UI_set_result'
/root/anaconda3/lib/libcurl.so: undefined reference to `ERR_get_error'
/root/anaconda3/lib/libcurl.so: undefined reference to `UI_get_input_flags'
/root/anaconda3/lib/libcurl.so: undefined reference to `UI_method_get_writer'
/root/anaconda3/lib/libcurl.so: undefined reference to `X509_check_issued'
/root/anaconda3/lib/libcurl.so: undefined reference to `SSL_CTX_use_PrivateKey'
/root/anaconda3/lib/libcurl.so: undefined reference to `SSL_get_privatekey'
/root/anaconda3/lib/libcurl.so: undefined reference to `SSL_CTX_get_cert_store'
/root/anaconda3/lib/libcurl.so: undefined reference to `BIO_puts'
/root/anaconda3/lib/libcurl.so: undefined reference to `UI_get_string_type'
/root/anaconda3/lib/libcurl.so: undefined reference to `MD5_Init'
/root/anaconda3/lib/libcurl.so: undefined reference to `SSL_CTX_check_private_key'
/root/anaconda3/lib/libcurl.so: undefined reference to `PEM_read_bio_X509'
/root/anaconda3/lib/libcurl.so: undefined reference to `SSL_CTX_set_msg_callback'
/root/anaconda3/lib/libcurl.so: undefined reference to `UI_method_get_opener'
/root/anaconda3/lib/libcurl.so: undefined reference to `SSL_CIPHER_get_name'
/root/anaconda3/lib/libcurl.so: undefined reference to `SSL_CTX_use_certificate'
/root/anaconda3/lib/libcurl.so: undefined reference to `BIO_s_file'
/root/anaconda3/lib/libcurl.so: undefined reference to `EVP_sha256'
/root/anaconda3/lib/libcurl.so: undefined reference to `SSL_CTX_set_alpn_protos'
/root/anaconda3/lib/libcurl.so: undefined reference to `SSL_get_verify_result'
/root/anaconda3/lib/libcurl.so: undefined reference to `MD5_Update'
/root/anaconda3/lib/libcurl.so: undefined reference to `ASN1_STRING_to_UTF8'
/root/anaconda3/lib/libcurl.so: undefined reference to `ENGINE_load_private_key'
/root/anaconda3/lib/libcurl.so: undefined reference to `ENGINE_get_id'
/root/anaconda3/lib/libcurl.so: undefined reference to `BIO_s_mem'
/root/anaconda3/lib/libcurl.so: undefined reference to `RAND_file_name'
/root/anaconda3/lib/libcurl.so: undefined reference to `EVP_MD_CTX_create'
/root/anaconda3/lib/libcurl.so: undefined reference to `ENGINE_by_id'
/root/anaconda3/lib/libcurl.so: undefined reference to `SSL_set_bio'
/root/anaconda3/lib/libcurl.so: undefined reference to `OCSP_response_get1_basic'
collect2: error: ld returned 1 exit status
cc -fPIE -DPIE -m64 -D_GNU_SOURCE -D_FILE_OFFSET_BITS=64 -D_LARGEFILE_SOURCE -Wstrict-prototypes -Wredundant-decls -Wall -Wundef -Wwrite-strings -Wmissing-prototypes -fno-strict-aliasing -fno-common -Wendif-labels -Wmissing-include-dirs -Wempty-body -Wnested-externs -Wformat-security -Wformat-y2k -Winit-self -Wignored-qualifiers -Wold-style-declaration -Wold-style-definition -Wtype-limits -fstack-protector-strong -o config-temp/qemu-conf.exe config-temp/qemu-conf.c -Wl,-z,relro -Wl,-z,now -pie -m64 -g
config-temp/qemu-conf.c:1:33: fatal error: bluetooth/bluetooth.h: No such file or directory
 #include <bluetooth/bluetooth.h>
                                 ^
compilation terminated.
cc -fPIE -DPIE -m64 -D_GNU_SOURCE -D_FILE_OFFSET_BITS=64 -D_LARGEFILE_SOURCE -Wstrict-prototypes -Wredundant-decls -Wall -Wundef -Wwrite-strings -Wmissing-prototypes -fno-strict-aliasing -fno-common -Wendif-labels -Wmissing-include-dirs -Wempty-body -Wnested-externs -Wformat-security -Wformat-y2k -Winit-self -Wignored-qualifiers -Wold-style-declaration -Wold-style-definition -Wtype-limits -fstack-protector-strong -o config-temp/qemu-conf.exe config-temp/qemu-conf.c -Wl,-z,relro -Wl,-z,now -pie -m64 -g -lcap
config-temp/qemu-conf.c:2:28: fatal error: sys/capability.h: No such file or directory
 #include <sys/capability.h>
                            ^
compilation terminated.
cc -fPIE -DPIE -m64 -D_GNU_SOURCE -D_FILE_OFFSET_BITS=64 -D_LARGEFILE_SOURCE -Wstrict-prototypes -Wredundant-decls -Wall -Wundef -Wwrite-strings -Wmissing-prototypes -fno-strict-aliasing -fno-common -Wendif-labels -Wmissing-include-dirs -Wempty-body -Wnested-externs -Wformat-security -Wformat-y2k -Winit-self -Wignored-qualifiers -Wold-style-declaration -Wold-style-definition -Wtype-limits -fstack-protector-strong -o config-temp/qemu-conf.exe config-temp/qemu-conf.c -Wl,-z,relro -Wl,-z,now -pie -m64 -g
/tmp/ccIg6Mrv.o: In function `main':
/root/6.828/lab/qemu/config-temp/qemu-conf.c:5: undefined reference to `pthread_create'
collect2: error: ld returned 1 exit status
cc -fPIE -DPIE -m64 -D_GNU_SOURCE -D_FILE_OFFSET_BITS=64 -D_LARGEFILE_SOURCE -Wstrict-prototypes -Wredundant-decls -Wall -Wundef -Wwrite-strings -Wmissing-prototypes -fno-strict-aliasing -fno-common -Wendif-labels -Wmissing-include-dirs -Wempty-body -Wnested-externs -Wformat-security -Wformat-y2k -Winit-self -Wignored-qualifiers -Wold-style-declaration -Wold-style-definition -Wtype-limits -fstack-protector-strong -o config-temp/qemu-conf.exe config-temp/qemu-conf.c -Wl,-z,relro -Wl,-z,now -pie -m64 -g -pthread
cc -fPIE -DPIE -m64 -D_GNU_SOURCE -D_FILE_OFFSET_BITS=64 -D_LARGEFILE_SOURCE -Wstrict-prototypes -Wredundant-decls -Wall -Wundef -Wwrite-strings -Wmissing-prototypes -fno-strict-aliasing -fno-common -Wendif-labels -Wmissing-include-dirs -Wempty-body -Wnested-externs -Wformat-security -Wformat-y2k -Winit-self -Wignored-qualifiers -Wold-style-declaration -Wold-style-definition -Wtype-limits -fstack-protector-strong -o config-temp/qemu-conf.exe config-temp/qemu-conf.c -Wl,-z,relro -Wl,-z,now -pie -m64 -g -pthread
cc -fPIE -DPIE -m64 -D_GNU_SOURCE -D_FILE_OFFSET_BITS=64 -D_LARGEFILE_SOURCE -Wstrict-prototypes -Wredundant-decls -Wall -Wundef -Wwrite-strings -Wmissing-prototypes -fno-strict-aliasing -fno-common -Wendif-labels -Wmissing-include-dirs -Wempty-body -Wnested-externs -Wformat-security -Wformat-y2k -Winit-self -Wignored-qualifiers -Wold-style-declaration -Wold-style-definition -Wtype-limits -fstack-protector-strong -o config-temp/qemu-conf.exe config-temp/qemu-conf.c -Wl,-z,relro -Wl,-z,now -pie -m64 -g -lrbd -lrados
config-temp/qemu-conf.c:2:24: fatal error: rbd/librbd.h: No such file or directory
 #include <rbd/librbd.h>
                        ^
compilation terminated.
cc -fPIE -DPIE -m64 -D_GNU_SOURCE -D_FILE_OFFSET_BITS=64 -D_LARGEFILE_SOURCE -Wstrict-prototypes -Wredundant-decls -Wall -Wundef -Wwrite-strings -Wmissing-prototypes -fno-strict-aliasing -fno-common -Wendif-labels -Wmissing-include-dirs -Wempty-body -Wnested-externs -Wformat-security -Wformat-y2k -Winit-self -Wignored-qualifiers -Wold-style-declaration -Wold-style-definition -Wtype-limits -fstack-protector-strong -o config-temp/qemu-conf.exe config-temp/qemu-conf.c -Wl,-z,relro -Wl,-z,now -pie -m64 -g -laio
config-temp/qemu-conf.c:1:20: fatal error: libaio.h: No such file or directory
 #include <libaio.h>
                    ^
compilation terminated.
cc -fPIE -DPIE -m64 -D_GNU_SOURCE -D_FILE_OFFSET_BITS=64 -D_LARGEFILE_SOURCE -Wstrict-prototypes -Wredundant-decls -Wall -Wundef -Wwrite-strings -Wmissing-prototypes -fno-strict-aliasing -fno-common -Wendif-labels -Wmissing-include-dirs -Wempty-body -Wnested-externs -Wformat-security -Wformat-y2k -Winit-self -Wignored-qualifiers -Wold-style-declaration -Wold-style-definition -Wtype-limits -fstack-protector-strong -o config-temp/qemu-conf.exe config-temp/qemu-conf.c -Wl,-z,relro -Wl,-z,now -pie -m64 -g
cc -fPIE -DPIE -m64 -D_GNU_SOURCE -D_FILE_OFFSET_BITS=64 -D_LARGEFILE_SOURCE -Wstrict-prototypes -Wredundant-decls -Wall -Wundef -Wwrite-strings -Wmissing-prototypes -fno-strict-aliasing -fno-common -Wendif-labels -Wmissing-include-dirs -Wempty-body -Wnested-externs -Wformat-security -Wformat-y2k -Winit-self -Wignored-qualifiers -Wold-style-declaration -Wold-style-definition -Wtype-limits -fstack-protector-strong -o config-temp/qemu-conf.exe config-temp/qemu-conf.c -Wl,-z,relro -Wl,-z,now -pie -m64 -g
cc -fPIE -DPIE -m64 -D_GNU_SOURCE -D_FILE_OFFSET_BITS=64 -D_LARGEFILE_SOURCE -Wstrict-prototypes -Wredundant-decls -Wall -Wundef -Wwrite-strings -Wmissing-prototypes -fno-strict-aliasing -fno-common -Wendif-labels -Wmissing-include-dirs -Wempty-body -Wnested-externs -Wformat-security -Wformat-y2k -Winit-self -Wignored-qualifiers -Wold-style-declaration -Wold-style-definition -Wtype-limits -fstack-protector-strong -o config-temp/qemu-conf.exe config-temp/qemu-conf.c -Wl,-z,relro -Wl,-z,now -pie -m64 -g
cc -fPIE -DPIE -m64 -D_GNU_SOURCE -D_FILE_OFFSET_BITS=64 -D_LARGEFILE_SOURCE -Wstrict-prototypes -Wredundant-decls -Wall -Wundef -Wwrite-strings -Wmissing-prototypes -fno-strict-aliasing -fno-common -Wendif-labels -Wmissing-include-dirs -Wempty-body -Wnested-externs -Wformat-security -Wformat-y2k -Winit-self -Wignored-qualifiers -Wold-style-declaration -Wold-style-definition -Wtype-limits -fstack-protector-strong -o config-temp/qemu-conf.exe config-temp/qemu-conf.c -Wl,-z,relro -Wl,-z,now -pie -m64 -g -lfdt
config-temp/qemu-conf.c:1:24: fatal error: libfdt_env.h: No such file or directory
 #include <libfdt_env.h>
                        ^
compilation terminated.
cc -fPIE -DPIE -m64 -D_GNU_SOURCE -D_FILE_OFFSET_BITS=64 -D_LARGEFILE_SOURCE -Wstrict-prototypes -Wredundant-decls -Wall -Wundef -Wwrite-strings -Wmissing-prototypes -fno-strict-aliasing -fno-common -Wendif-labels -Wmissing-include-dirs -Wempty-body -Wnested-externs -Wformat-security -Wformat-y2k -Winit-self -Wignored-qualifiers -Wold-style-declaration -Wold-style-definition -Wtype-limits -fstack-protector-strong -o config-temp/qemu-conf.exe config-temp/qemu-conf.c -Wl,-z,relro -Wl,-z,now -pie -m64 -g -lGL -lX11
config-temp/qemu-conf.c:2:19: fatal error: GL/gl.h: No such file or directory
 #include <GL/gl.h>
                   ^
compilation terminated.
cc -fPIE -DPIE -m64 -D_GNU_SOURCE -D_FILE_OFFSET_BITS=64 -D_LARGEFILE_SOURCE -Wstrict-prototypes -Wredundant-decls -Wall -Wundef -Wwrite-strings -Wmissing-prototypes -fno-strict-aliasing -fno-common -Wendif-labels -Wmissing-include-dirs -Wempty-body -Wnested-externs -Wformat-security -Wformat-y2k -Winit-self -Wignored-qualifiers -Wold-style-declaration -Wold-style-definition -Wtype-limits -fstack-protector-strong -o config-temp/qemu-conf.exe config-temp/qemu-conf.c -Wl,-z,relro -Wl,-z,now -pie -m64 -g
cc -fPIE -DPIE -m64 -D_GNU_SOURCE -D_FILE_OFFSET_BITS=64 -D_LARGEFILE_SOURCE -Wstrict-prototypes -Wredundant-decls -Wall -Wundef -Wwrite-strings -Wmissing-prototypes -fno-strict-aliasing -fno-common -Wendif-labels -Wmissing-include-dirs -Wempty-body -Wnested-externs -Wformat-security -Wformat-y2k -Winit-self -Wignored-qualifiers -Wold-style-declaration -Wold-style-definition -Wtype-limits -fstack-protector-strong -o config-temp/qemu-conf.exe config-temp/qemu-conf.c -Wl,-z,relro -Wl,-z,now -pie -m64 -g
cc -fPIE -DPIE -m64 -D_GNU_SOURCE -D_FILE_OFFSET_BITS=64 -D_LARGEFILE_SOURCE -Wstrict-prototypes -Wredundant-decls -Wall -Wundef -Wwrite-strings -Wmissing-prototypes -fno-strict-aliasing -fno-common -Wendif-labels -Wmissing-include-dirs -Wempty-body -Wnested-externs -Wformat-security -Wformat-y2k -Winit-self -Wignored-qualifiers -Wold-style-declaration -Wold-style-definition -Wtype-limits -fstack-protector-strong -o config-temp/qemu-conf.exe config-temp/qemu-conf.c -Wl,-z,relro -Wl,-z,now -pie -m64 -g
cc -fPIE -DPIE -m64 -D_GNU_SOURCE -D_FILE_OFFSET_BITS=64 -D_LARGEFILE_SOURCE -Wstrict-prototypes -Wredundant-decls -Wall -Wundef -Wwrite-strings -Wmissing-prototypes -fno-strict-aliasing -fno-common -Wendif-labels -Wmissing-include-dirs -Wempty-body -Wnested-externs -Wformat-security -Wformat-y2k -Winit-self -Wignored-qualifiers -Wold-style-declaration -Wold-style-definition -Wtype-limits -fstack-protector-strong -o config-temp/qemu-conf.exe config-temp/qemu-conf.c -Wl,-z,relro -Wl,-z,now -pie -m64 -g
cc -fPIE -DPIE -m64 -D_GNU_SOURCE -D_FILE_OFFSET_BITS=64 -D_LARGEFILE_SOURCE -Wstrict-prototypes -Wredundant-decls -Wall -Wundef -Wwrite-strings -Wmissing-prototypes -fno-strict-aliasing -fno-common -Wendif-labels -Wmissing-include-dirs -Wempty-body -Wnested-externs -Wformat-security -Wformat-y2k -Winit-self -Wignored-qualifiers -Wold-style-declaration -Wold-style-definition -Wtype-limits -fstack-protector-strong -o config-temp/qemu-conf.exe config-temp/qemu-conf.c -Wl,-z,relro -Wl,-z,now -pie -m64 -g
cc -fPIE -DPIE -m64 -D_GNU_SOURCE -D_FILE_OFFSET_BITS=64 -D_LARGEFILE_SOURCE -Wstrict-prototypes -Wredundant-decls -Wall -Wundef -Wwrite-strings -Wmissing-prototypes -fno-strict-aliasing -fno-common -Wendif-labels -Wmissing-include-dirs -Wempty-body -Wnested-externs -Wformat-security -Wformat-y2k -Winit-self -Wignored-qualifiers -Wold-style-declaration -Wold-style-definition -Wtype-limits -fstack-protector-strong -o config-temp/qemu-conf.exe config-temp/qemu-conf.c -Wl,-z,relro -Wl,-z,now -pie -m64 -g
cc -fPIE -DPIE -m64 -D_GNU_SOURCE -D_FILE_OFFSET_BITS=64 -D_LARGEFILE_SOURCE -Wstrict-prototypes -Wredundant-decls -Wall -Wundef -Wwrite-strings -Wmissing-prototypes -fno-strict-aliasing -fno-common -Wendif-labels -Wmissing-include-dirs -Wempty-body -Wnested-externs -Wformat-security -Wformat-y2k -Winit-self -Wignored-qualifiers -Wold-style-declaration -Wold-style-definition -Wtype-limits -fstack-protector-strong -o config-temp/qemu-conf.exe config-temp/qemu-conf.c -Wl,-z,relro -Wl,-z,now -pie -m64 -g -lnuma
config-temp/qemu-conf.c:1:18: fatal error: numa.h: No such file or directory
 #include <numa.h>
                  ^
compilation terminated.
cc -fPIE -DPIE -m64 -D_GNU_SOURCE -D_FILE_OFFSET_BITS=64 -D_LARGEFILE_SOURCE -Wstrict-prototypes -Wredundant-decls -Wall -Wundef -Wwrite-strings -Wmissing-prototypes -fno-strict-aliasing -fno-common -Wendif-labels -Wmissing-include-dirs -Wempty-body -Wnested-externs -Wformat-security -Wformat-y2k -Winit-self -Wignored-qualifiers -Wold-style-declaration -Wold-style-definition -Wtype-limits -fstack-protector-strong -o config-temp/qemu-conf.exe config-temp/qemu-conf.c -Wl,-z,relro -Wl,-z,now -pie -m64 -g
cc -fPIE -DPIE -m64 -D_GNU_SOURCE -D_FILE_OFFSET_BITS=64 -D_LARGEFILE_SOURCE -Wstrict-prototypes -Wredundant-decls -Wall -Wundef -Wwrite-strings -Wmissing-prototypes -fno-strict-aliasing -fno-common -Wendif-labels -Wmissing-include-dirs -Wempty-body -Wnested-externs -Wformat-security -Wformat-y2k -Winit-self -Wignored-qualifiers -Wold-style-declaration -Wold-style-definition -Wtype-limits -fstack-protector-strong -o config-temp/qemu-conf.exe config-temp/qemu-conf.c -Wl,-z,relro -Wl,-z,now -pie -m64 -g
cc -fPIE -DPIE -m64 -D_GNU_SOURCE -D_FILE_OFFSET_BITS=64 -D_LARGEFILE_SOURCE -Wstrict-prototypes -Wredundant-decls -Wall -Wundef -Wwrite-strings -Wmissing-prototypes -fno-strict-aliasing -fno-common -Wendif-labels -Wmissing-include-dirs -Wempty-body -Wnested-externs -Wformat-security -Wformat-y2k -Winit-self -Wignored-qualifiers -Wold-style-declaration -Wold-style-definition -Wtype-limits -fstack-protector-strong -o config-temp/qemu-conf.exe config-temp/qemu-conf.c -Wl,-z,relro -Wl,-z,now -pie -m64 -g
cc -fPIE -DPIE -m64 -D_GNU_SOURCE -D_FILE_OFFSET_BITS=64 -D_LARGEFILE_SOURCE -Wstrict-prototypes -Wredundant-decls -Wall -Wundef -Wwrite-strings -Wmissing-prototypes -fno-strict-aliasing -fno-common -Wendif-labels -Wmissing-include-dirs -Wempty-body -Wnested-externs -Wformat-security -Wformat-y2k -Winit-self -Wignored-qualifiers -Wold-style-declaration -Wold-style-definition -Wtype-limits -fstack-protector-strong -o config-temp/qemu-conf.exe config-temp/qemu-conf.c -Wl,-z,relro -Wl,-z,now -pie -m64 -g
cc -fPIE -DPIE -m64 -D_GNU_SOURCE -D_FILE_OFFSET_BITS=64 -D_LARGEFILE_SOURCE -Wstrict-prototypes -Wredundant-decls -Wall -Wundef -Wwrite-strings -Wmissing-prototypes -fno-strict-aliasing -fno-common -Wendif-labels -Wmissing-include-dirs -Wempty-body -Wnested-externs -Wformat-security -Wformat-y2k -Winit-self -Wignored-qualifiers -Wold-style-declaration -Wold-style-definition -Wtype-limits -fstack-protector-strong -o config-temp/qemu-conf.exe config-temp/qemu-conf.c -Wl,-z,relro -Wl,-z,now -pie -m64 -g
cc -fPIE -DPIE -m64 -D_GNU_SOURCE -D_FILE_OFFSET_BITS=64 -D_LARGEFILE_SOURCE -Wstrict-prototypes -Wredundant-decls -Wall -Wundef -Wwrite-strings -Wmissing-prototypes -fno-strict-aliasing -fno-common -Wendif-labels -Wmissing-include-dirs -Wempty-body -Wnested-externs -Wformat-security -Wformat-y2k -Winit-self -Wignored-qualifiers -Wold-style-declaration -Wold-style-definition -Wtype-limits -fstack-protector-strong -o config-temp/qemu-conf.exe config-temp/qemu-conf.c -Wl,-z,relro -Wl,-z,now -pie -m64 -g
cc -fPIE -DPIE -m64 -D_GNU_SOURCE -D_FILE_OFFSET_BITS=64 -D_LARGEFILE_SOURCE -Wstrict-prototypes -Wredundant-decls -Wall -Wundef -Wwrite-strings -Wmissing-prototypes -fno-strict-aliasing -fno-common -Wendif-labels -Wmissing-include-dirs -Wempty-body -Wnested-externs -Wformat-security -Wformat-y2k -Winit-self -Wignored-qualifiers -Wold-style-declaration -Wold-style-definition -Wtype-limits -fstack-protector-strong -o config-temp/qemu-conf.exe config-temp/qemu-conf.c -Wl,-z,relro -Wl,-z,now -pie -m64 -g
cc -fPIE -DPIE -m64 -D_GNU_SOURCE -D_FILE_OFFSET_BITS=64 -D_LARGEFILE_SOURCE -Wstrict-prototypes -Wredundant-decls -Wall -Wundef -Wwrite-strings -Wmissing-prototypes -fno-strict-aliasing -fno-common -Wendif-labels -Wmissing-include-dirs -Wempty-body -Wnested-externs -Wformat-security -Wformat-y2k -Winit-self -Wignored-qualifiers -Wold-style-declaration -Wold-style-definition -Wtype-limits -fstack-protector-strong -o config-temp/qemu-conf.exe config-temp/qemu-conf.c -Wl,-z,relro -Wl,-z,now -pie -m64 -g
cc -fPIE -DPIE -m64 -D_GNU_SOURCE -D_FILE_OFFSET_BITS=64 -D_LARGEFILE_SOURCE -Wstrict-prototypes -Wredundant-decls -Wall -Wundef -Wwrite-strings -Wmissing-prototypes -fno-strict-aliasing -fno-common -Wendif-labels -Wmissing-include-dirs -Wempty-body -Wnested-externs -Wformat-security -Wformat-y2k -Winit-self -Wignored-qualifiers -Wold-style-declaration -Wold-style-definition -Wtype-limits -fstack-protector-strong -o config-temp/qemu-conf.exe config-temp/qemu-conf.c -Wl,-z,relro -Wl,-z,now -pie -m64 -g
cc -fPIE -DPIE -m64 -D_GNU_SOURCE -D_FILE_OFFSET_BITS=64 -D_LARGEFILE_SOURCE -Wstrict-prototypes -Wredundant-decls -Wall -Wundef -Wwrite-strings -Wmissing-prototypes -fno-strict-aliasing -fno-common -Wendif-labels -Wmissing-include-dirs -Wempty-body -Wnested-externs -Wformat-security -Wformat-y2k -Winit-self -Wignored-qualifiers -Wold-style-declaration -Wold-style-definition -Wtype-limits -fstack-protector-strong -o config-temp/qemu-conf.exe config-temp/qemu-conf.c -Wl,-z,relro -Wl,-z,now -pie -m64 -g
cc -fPIE -DPIE -m64 -D_GNU_SOURCE -D_FILE_OFFSET_BITS=64 -D_LARGEFILE_SOURCE -Wstrict-prototypes -Wredundant-decls -Wall -Wundef -Wwrite-strings -Wmissing-prototypes -fno-strict-aliasing -fno-common -Wendif-labels -Wmissing-include-dirs -Wempty-body -Wnested-externs -Wformat-security -Wformat-y2k -Winit-self -Wignored-qualifiers -Wold-style-declaration -Wold-style-definition -Wtype-limits -fstack-protector-strong -o config-temp/qemu-conf.exe config-temp/qemu-conf.c -Wl,-z,relro -Wl,-z,now -pie -m64 -g
cc -fPIE -DPIE -m64 -D_GNU_SOURCE -D_FILE_OFFSET_BITS=64 -D_LARGEFILE_SOURCE -Wstrict-prototypes -Wredundant-decls -Wall -Wundef -Wwrite-strings -Wmissing-prototypes -fno-strict-aliasing -fno-common -Wendif-labels -Wmissing-include-dirs -Wempty-body -Wnested-externs -Wformat-security -Wformat-y2k -Winit-self -Wignored-qualifiers -Wold-style-declaration -Wold-style-definition -Wtype-limits -fstack-protector-strong -o config-temp/qemu-conf.exe config-temp/qemu-conf.c -Wl,-z,relro -Wl,-z,now -pie -m64 -g
cc -fPIE -DPIE -m64 -D_GNU_SOURCE -D_FILE_OFFSET_BITS=64 -D_LARGEFILE_SOURCE -Wstrict-prototypes -Wredundant-decls -Wall -Wundef -Wwrite-strings -Wmissing-prototypes -fno-strict-aliasing -fno-common -Wendif-labels -Wmissing-include-dirs -Wempty-body -Wnested-externs -Wformat-security -Wformat-y2k -Winit-self -Wignored-qualifiers -Wold-style-declaration -Wold-style-definition -Wtype-limits -fstack-protector-strong -o config-temp/qemu-conf.exe config-temp/qemu-conf.c -Wl,-z,relro -Wl,-z,now -pie -m64 -g
cc -fPIE -DPIE -m64 -D_GNU_SOURCE -D_FILE_OFFSET_BITS=64 -D_LARGEFILE_SOURCE -Wstrict-prototypes -Wredundant-decls -Wall -Wundef -Wwrite-strings -Wmissing-prototypes -fno-strict-aliasing -fno-common -Wendif-labels -Wmissing-include-dirs -Wempty-body -Wnested-externs -Wformat-security -Wformat-y2k -Winit-self -Wignored-qualifiers -Wold-style-declaration -Wold-style-definition -Wtype-limits -fstack-protector-strong -o config-temp/qemu-conf.exe config-temp/qemu-conf.c -Wl,-z,relro -Wl,-z,now -pie -m64 -g
cc -fPIE -DPIE -m64 -D_GNU_SOURCE -D_FILE_OFFSET_BITS=64 -D_LARGEFILE_SOURCE -Wstrict-prototypes -Wredundant-decls -Wall -Wundef -Wwrite-strings -Wmissing-prototypes -fno-strict-aliasing -fno-common -Wendif-labels -Wmissing-include-dirs -Wempty-body -Wnested-externs -Wformat-security -Wformat-y2k -Winit-self -Wignored-qualifiers -Wold-style-declaration -Wold-style-definition -Wtype-limits -fstack-protector-strong -o config-temp/qemu-conf.exe config-temp/qemu-conf.c -Wl,-z,relro -Wl,-z,now -pie -m64 -g
cc -fPIE -DPIE -m64 -D_GNU_SOURCE -D_FILE_OFFSET_BITS=64 -D_LARGEFILE_SOURCE -Wstrict-prototypes -Wredundant-decls -Wall -Wundef -Wwrite-strings -Wmissing-prototypes -fno-strict-aliasing -fno-common -Wendif-labels -Wmissing-include-dirs -Wempty-body -Wnested-externs -Wformat-security -Wformat-y2k -Winit-self -Wignored-qualifiers -Wold-style-declaration -Wold-style-definition -Wtype-limits -fstack-protector-strong -o config-temp/qemu-conf.exe config-temp/qemu-conf.c -Wl,-z,relro -Wl,-z,now -pie -m64 -g
cc -fPIE -DPIE -m64 -D_GNU_SOURCE -D_FILE_OFFSET_BITS=64 -D_LARGEFILE_SOURCE -Wstrict-prototypes -Wredundant-decls -Wall -Wundef -Wwrite-strings -Wmissing-prototypes -fno-strict-aliasing -fno-common -Wendif-labels -Wmissing-include-dirs -Wempty-body -Wnested-externs -Wformat-security -Wformat-y2k -Winit-self -Wignored-qualifiers -Wold-style-declaration -Wold-style-definition -Wtype-limits -fstack-protector-strong -o config-temp/qemu-conf.exe config-temp/qemu-conf.c -Wl,-z,relro -Wl,-z,now -pie -m64 -g
cc -fPIE -DPIE -m64 -D_GNU_SOURCE -D_FILE_OFFSET_BITS=64 -D_LARGEFILE_SOURCE -Wstrict-prototypes -Wredundant-decls -Wall -Wundef -Wwrite-strings -Wmissing-prototypes -fno-strict-aliasing -fno-common -Wendif-labels -Wmissing-include-dirs -Wempty-body -Wnested-externs -Wformat-security -Wformat-y2k -Winit-self -Wignored-qualifiers -Wold-style-declaration -Wold-style-definition -Wtype-limits -fstack-protector-strong -o config-temp/qemu-conf.exe config-temp/qemu-conf.c -Wl,-z,relro -Wl,-z,now -pie -m64 -g
cc -fPIE -DPIE -m64 -D_GNU_SOURCE -D_FILE_OFFSET_BITS=64 -D_LARGEFILE_SOURCE -Wstrict-prototypes -Wredundant-decls -Wall -Wundef -Wwrite-strings -Wmissing-prototypes -fno-strict-aliasing -fno-common -Wendif-labels -Wmissing-include-dirs -Wempty-body -Wnested-externs -Wformat-security -Wformat-y2k -Winit-self -Wignored-qualifiers -Wold-style-declaration -Wold-style-definition -Wtype-limits -fstack-protector-strong -o config-temp/qemu-conf.exe config-temp/qemu-conf.c -Wl,-z,relro -Wl,-z,now -pie -m64 -g
config-temp/qemu-conf.c:1:24: fatal error: sys/endian.h: No such file or directory
 #include <sys/endian.h>
                        ^
compilation terminated.
cc -fPIE -DPIE -m64 -D_GNU_SOURCE -D_FILE_OFFSET_BITS=64 -D_LARGEFILE_SOURCE -Wstrict-prototypes -Wredundant-decls -Wall -Wundef -Wwrite-strings -Wmissing-prototypes -fno-strict-aliasing -fno-common -Wendif-labels -Wmissing-include-dirs -Wempty-body -Wnested-externs -Wformat-security -Wformat-y2k -Winit-self -Wignored-qualifiers -Wold-style-declaration -Wold-style-definition -Wtype-limits -fstack-protector-strong -o config-temp/qemu-conf.exe config-temp/qemu-conf.c -Wl,-z,relro -Wl,-z,now -pie -m64 -g
/tmp/ccaKpOR3.o: In function `main':
/root/6.828/lab/qemu/config-temp/qemu-conf.c:2: undefined reference to `sin'
collect2: error: ld returned 1 exit status
cc -fPIE -DPIE -m64 -D_GNU_SOURCE -D_FILE_OFFSET_BITS=64 -D_LARGEFILE_SOURCE -Wstrict-prototypes -Wredundant-decls -Wall -Wundef -Wwrite-strings -Wmissing-prototypes -fno-strict-aliasing -fno-common -Wendif-labels -Wmissing-include-dirs -Wempty-body -Wnested-externs -Wformat-security -Wformat-y2k -Winit-self -Wignored-qualifiers -Wold-style-declaration -Wold-style-definition -Wtype-limits -fstack-protector-strong -o config-temp/qemu-conf.exe config-temp/qemu-conf.c -Wl,-z,relro -Wl,-z,now -pie -m64 -g -lm
cc -fPIE -DPIE -m64 -D_GNU_SOURCE -D_FILE_OFFSET_BITS=64 -D_LARGEFILE_SOURCE -Wstrict-prototypes -Wredundant-decls -Wall -Wundef -Wwrite-strings -Wmissing-prototypes -fno-strict-aliasing -fno-common -Wendif-labels -Wmissing-include-dirs -Wempty-body -Wnested-externs -Wformat-security -Wformat-y2k -Winit-self -Wignored-qualifiers -Wold-style-declaration -Wold-style-definition -Wtype-limits -fstack-protector-strong -o config-temp/qemu-conf.exe config-temp/qemu-conf.c -Wl,-z,relro -Wl,-z,now -pie -m64 -g
/tmp/ccWRAza8.o: In function `main':
/root/6.828/lab/qemu/config-temp/qemu-conf.c:4: undefined reference to `timer_create'
collect2: error: ld returned 1 exit status
cc -fPIE -DPIE -m64 -D_GNU_SOURCE -D_FILE_OFFSET_BITS=64 -D_LARGEFILE_SOURCE -Wstrict-prototypes -Wredundant-decls -Wall -Wundef -Wwrite-strings -Wmissing-prototypes -fno-strict-aliasing -fno-common -Wendif-labels -Wmissing-include-dirs -Wempty-body -Wnested-externs -Wformat-security -Wformat-y2k -Winit-self -Wignored-qualifiers -Wold-style-declaration -Wold-style-definition -Wtype-limits -fstack-protector-strong -o config-temp/qemu-conf.exe config-temp/qemu-conf.c -Wl,-z,relro -Wl,-z,now -pie -m64 -g -pthread -lrt
cc -fPIE -DPIE -m64 -D_GNU_SOURCE -D_FILE_OFFSET_BITS=64 -D_LARGEFILE_SOURCE -Wstrict-prototypes -Wredundant-decls -Wall -Wundef -Wwrite-strings -Wmissing-prototypes -fno-strict-aliasing -fno-common -Wendif-labels -Wmissing-include-dirs -Wempty-body -Wnested-externs -Wformat-security -Wformat-y2k -Winit-self -Wignored-qualifiers -Wold-style-declaration -Wold-style-definition -Wtype-limits -fstack-protector-strong -o config-temp/qemu-conf.exe config-temp/qemu-conf.c -Wl,-z,relro -Wl,-z,now -pie -m64 -g
cc -fPIE -DPIE -m64 -D_GNU_SOURCE -D_FILE_OFFSET_BITS=64 -D_LARGEFILE_SOURCE -Wstrict-prototypes -Wredundant-decls -Wall -Wundef -Wwrite-strings -Wmissing-prototypes -fno-strict-aliasing -fno-common -Wendif-labels -Wmissing-include-dirs -Wempty-body -Wnested-externs -Wformat-security -Wformat-y2k -Winit-self -Wignored-qualifiers -Wold-style-declaration -Wold-style-definition -Wtype-limits -fstack-protector-strong -o config-temp/qemu-conf.exe config-temp/qemu-conf.c -Wl,-z,relro -Wl,-z,now -pie -m64 -g
cc -fPIE -DPIE -m64 -D_GNU_SOURCE -D_FILE_OFFSET_BITS=64 -D_LARGEFILE_SOURCE -Wstrict-prototypes -Wredundant-decls -Wall -Wundef -Wwrite-strings -Wmissing-prototypes -fno-strict-aliasing -fno-common -Wendif-labels -Wmissing-include-dirs -Wempty-body -Wnested-externs -Wformat-security -Wformat-y2k -Winit-self -Wignored-qualifiers -Wold-style-declaration -Wold-style-definition -Wtype-limits -fstack-protector-strong -o config-temp/qemu-conf.exe config-temp/qemu-conf.c -Wl,-z,relro -Wl,-z,now -pie -m64 -g
cc -fPIE -DPIE -m64 -D_GNU_SOURCE -D_FILE_OFFSET_BITS=64 -D_LARGEFILE_SOURCE -Wstrict-prototypes -Wredundant-decls -Wall -Wundef -Wwrite-strings -Wmissing-prototypes -fno-strict-aliasing -fno-common -Wendif-labels -Wmissing-include-dirs -Wempty-body -Wnested-externs -Wformat-security -Wformat-y2k -Winit-self -Wignored-qualifiers -Wold-style-declaration -Wold-style-definition -Wtype-limits -fstack-protector-strong -o config-temp/qemu-conf.exe config-temp/qemu-conf.c -Wl,-z,relro -Wl,-z,now -pie -m64 -g
cc -fPIE -DPIE -m64 -D_GNU_SOURCE -D_FILE_OFFSET_BITS=64 -D_LARGEFILE_SOURCE -Wstrict-prototypes -Wredundant-decls -Wall -Wundef -Wwrite-strings -Wmissing-prototypes -fno-strict-aliasing -fno-common -Wendif-labels -Wmissing-include-dirs -Wempty-body -Wnested-externs -Wformat-security -Wformat-y2k -Winit-self -Wignored-qualifiers -Wold-style-declaration -Wold-style-definition -Wtype-limits -fstack-protector-strong -o config-temp/qemu-conf.exe config-temp/qemu-conf.c -Wl,-z,relro -Wl,-z,now -pie -m64 -g
cc -fPIE -DPIE -m64 -D_GNU_SOURCE -D_FILE_OFFSET_BITS=64 -D_LARGEFILE_SOURCE -Wstrict-prototypes -Wredundant-decls -Wall -Wundef -Wwrite-strings -Wmissing-prototypes -fno-strict-aliasing -fno-common -Wendif-labels -Wmissing-include-dirs -Wempty-body -Wnested-externs -Wformat-security -Wformat-y2k -Winit-self -Wignored-qualifiers -Wold-style-declaration -Wold-style-definition -Wtype-limits -fstack-protector-strong -o config-temp/qemu-conf.exe config-temp/qemu-conf.c -Wl,-z,relro -Wl,-z,now -pie -m64 -g
cc -fPIE -DPIE -m64 -D_GNU_SOURCE -D_FILE_OFFSET_BITS=64 -D_LARGEFILE_SOURCE -Wstrict-prototypes -Wredundant-decls -Wall -Wundef -Wwrite-strings -Wmissing-prototypes -fno-strict-aliasing -fno-common -Wendif-labels -Wmissing-include-dirs -Wempty-body -Wnested-externs -Wformat-security -Wformat-y2k -Winit-self -Wignored-qualifiers -Wold-style-declaration -Wold-style-definition -Wtype-limits -fstack-protector-strong -o config-temp/qemu-conf.exe config-temp/qemu-conf.c -Wl,-z,relro -Wl,-z,now -pie -m64 -g
cc -fPIE -DPIE -m64 -D_GNU_SOURCE -D_FILE_OFFSET_BITS=64 -D_LARGEFILE_SOURCE -Wstrict-prototypes -Wredundant-decls -Wall -Wundef -Wwrite-strings -Wmissing-prototypes -fno-strict-aliasing -fno-common -Wendif-labels -Wmissing-include-dirs -Wempty-body -Wnested-externs -Wformat-security -Wformat-y2k -Winit-self -Wignored-qualifiers -Wold-style-declaration -Wold-style-definition -Wtype-limits -fstack-protector-strong -Werror -o config-temp/qemu-conf.exe config-temp/qemu-conf.c -Wl,-z,relro -Wl,-z,now -pie -m64 -g
cc -fPIE -DPIE -m64 -D_GNU_SOURCE -D_FILE_OFFSET_BITS=64 -D_LARGEFILE_SOURCE -Wstrict-prototypes -Wredundant-decls -Wall -Wundef -Wwrite-strings -Wmissing-prototypes -fno-strict-aliasing -fno-common -Wendif-labels -Wmissing-include-dirs -Wempty-body -Wnested-externs -Wformat-security -Wformat-y2k -Winit-self -Wignored-qualifiers -Wold-style-declaration -Wold-style-definition -Wtype-limits -fstack-protector-strong -o config-temp/qemu-conf.exe config-temp/qemu-conf.c -Wl,-z,relro -Wl,-z,now -pie -m64 -g
config-temp/qemu-conf.c:1:31: fatal error: valgrind/valgrind.h: No such file or directory
 #include <valgrind/valgrind.h>
                               ^
compilation terminated.
cc -fPIE -DPIE -m64 -D_GNU_SOURCE -D_FILE_OFFSET_BITS=64 -D_LARGEFILE_SOURCE -Wstrict-prototypes -Wredundant-decls -Wall -Wundef -Wwrite-strings -Wmissing-prototypes -fno-strict-aliasing -fno-common -Wendif-labels -Wmissing-include-dirs -Wempty-body -Wnested-externs -Wformat-security -Wformat-y2k -Winit-self -Wignored-qualifiers -Wold-style-declaration -Wold-style-definition -Wtype-limits -fstack-protector-strong -o config-temp/qemu-conf.exe config-temp/qemu-conf.c -Wl,-z,relro -Wl,-z,now -pie -m64 -g
cc -fPIE -DPIE -m64 -D_GNU_SOURCE -D_FILE_OFFSET_BITS=64 -D_LARGEFILE_SOURCE -Wstrict-prototypes -Wredundant-decls -Wall -Wundef -Wwrite-strings -Wmissing-prototypes -fno-strict-aliasing -fno-common -Wendif-labels -Wmissing-include-dirs -Wempty-body -Wnested-externs -Wformat-security -Wformat-y2k -Winit-self -Wignored-qualifiers -Wold-style-declaration -Wold-style-definition -Wtype-limits -fstack-protector-strong -o config-temp/qemu-conf.exe config-temp/qemu-conf.c -Wl,-z,relro -Wl,-z,now -pie -m64 -g
cc -fPIE -DPIE -m64 -D_GNU_SOURCE -D_FILE_OFFSET_BITS=64 -D_LARGEFILE_SOURCE -Wstrict-prototypes -Wredundant-decls -Wall -Wundef -Wwrite-strings -Wmissing-prototypes -fno-strict-aliasing -fno-common -Wendif-labels -Wmissing-include-dirs -Wempty-body -Wnested-externs -Wformat-security -Wformat-y2k -Winit-self -Wignored-qualifiers -Wold-style-declaration -Wold-style-definition -Wtype-limits -fstack-protector-strong -o config-temp/qemu-conf.exe config-temp/qemu-conf.c -Wl,-z,relro -Wl,-z,now -pie -m64 -g
cc -fPIE -DPIE -m64 -D_GNU_SOURCE -D_FILE_OFFSET_BITS=64 -D_LARGEFILE_SOURCE -Wstrict-prototypes -Wredundant-decls -Wall -Wundef -Wwrite-strings -Wmissing-prototypes -fno-strict-aliasing -fno-common -Wendif-labels -Wmissing-include-dirs -Wempty-body -Wnested-externs -Wformat-security -Wformat-y2k -Winit-self -Wignored-qualifiers -Wold-style-declaration -Wold-style-definition -Wtype-limits -fstack-protector-strong -o config-temp/qemu-conf.exe config-temp/qemu-conf.c -Wl,-z,relro -Wl,-z,now -pie -m64 -g
